[0208/013329:FATAL:resource_scheduler.cc(891)] Check failed: client_map_.empty(). 
Backtrace:
	GetHandleVerifier [0x00000001825C0976+404006]
	QtWebEngineCore::UserScript::isNull [0x00000001824BEDDD+5527357]
	QtWebEngineCore::BrowserContextAdapter::customUrlSchemeHandlers [0x0000000180B108DE+5671182]
	QtWebEngineCore::BrowserContextAdapter::customUrlSchemeHandlers [0x000000018090AEBC+3550956]
	QtWebEngineCore::BrowserContextAdapter::customUrlSchemeHandlers [0x000000018090A98E+3549630]
	QtWebEngineCore::BrowserContextAdapter::customUrlSchemeHandlers [0x00000001809280FF+3670319]
	QtWebEngineCore::BrowserContextAdapter::customUrlSchemeHandlers [0x0000000180928065+3670165]
	QtWebEngineCore::BrowserContextAdapter::customUrlSchemeHandlers [0x0000000180915DA6+3595734]
	CertificateErrorController::CertificateErrorController [0x000000018348BC01+7983985]
	QtWebEngineCore::UserScript::isNull [0x00000001821FAD6A+2627274]
	QtWebEngineCore::CustomProtocolHandler::~CustomProtocolHandler [0x0000000181736317+1420903]
	QtWebEngineCore::BrowserContextAdapter::customUrlSchemeHandlers [0x00000001807B96CD+2168573]
	GetHandleVerifier [0x00000001825E7E42+564978]
	QtWebEngineCore::UserScript::isNull [0x00000001824D46FE+5615710]
	QtWebEngineCore::UserScript::isNull [0x00000001824D27D1+5607729]
	QtWebEngineCore::UserScript::isNull [0x00000001824D2E74+5609428]
	GetHandleVerifier [0x00000001825EBC2C+580828]
	GetHandleVerifier [0x00000001825EDB30+588768]
	GetHandleVerifier [0x00000001825EDA85+588597]
	QtWebEngineCore::UserScript::isNull [0x00000001824D4493+5615091]
	QtWebEngineCore::UserScript::isNull [0x0000000182519E1B+5900155]
	QtWebEngineCore::UserScript::isNull [0x00000001824D4313+5614707]
	QtWebEngineCore::UserScript::isNull [0x0000000182540B2D+6059149]
	QtWebEngineCore::BrowserContextAdapter::customUrlSchemeHandlers [0x000000018084A5F6+2762278]
	QtWebEngineCore::BrowserContextAdapter::customUrlSchemeHandlers [0x000000018084B6EC+2766620]
	QtWebEngineCore::UserScript::isNull [0x0000000182541978+6062808]
	QtWebEngineCore::UserScript::isNull [0x000000018254C015+6105461]
	BaseThreadInitThunk [0x00007FFAEFA31FE4+20]
	RtlUserThreadStart [0x00007FFAF198EFB1+33]

[0208/233601:FATAL:resource_scheduler.cc(891)] Check failed: client_map_.empty(). 
Backtrace:
	GetHandleVerifier [0x00000001825C0976+404006]
	QtWebEngineCore::UserScript::isNull [0x00000001824BEDDD+5527357]
	QtWebEngineCore::BrowserContextAdapter::customUrlSchemeHandlers [0x0000000180B108DE+5671182]
	QtWebEngineCore::BrowserContextAdapter::customUrlSchemeHandlers [0x000000018090AEBC+3550956]
	QtWebEngineCore::BrowserContextAdapter::customUrlSchemeHandlers [0x000000018090A98E+3549630]
	QtWebEngineCore::BrowserContextAdapter::customUrlSchemeHandlers [0x00000001809280FF+3670319]
	QtWebEngineCore::BrowserContextAdapter::customUrlSchemeHandlers [0x0000000180928065+3670165]
	QtWebEngineCore::BrowserContextAdapter::customUrlSchemeHandlers [0x0000000180915DA6+3595734]
	CertificateErrorController::CertificateErrorController [0x000000018348BC01+7983985]
	QtWebEngineCore::UserScript::isNull [0x00000001821FAD6A+2627274]
	QtWebEngineCore::CustomProtocolHandler::~CustomProtocolHandler [0x0000000181736317+1420903]
	QtWebEngineCore::BrowserContextAdapter::customUrlSchemeHandlers [0x00000001807B96CD+2168573]
	GetHandleVerifier [0x00000001825E7E42+564978]
	QtWebEngineCore::UserScript::isNull [0x00000001824D46FE+5615710]
	QtWebEngineCore::UserScript::isNull [0x00000001824D27D1+5607729]
	QtWebEngineCore::UserScript::isNull [0x00000001824D2E74+5609428]
	GetHandleVerifier [0x00000001825EBC2C+580828]
	GetHandleVerifier [0x00000001825EDB30+588768]
	GetHandleVerifier [0x00000001825EDA85+588597]
	QtWebEngineCore::UserScript::isNull [0x00000001824D4493+5615091]
	QtWebEngineCore::UserScript::isNull [0x0000000182519E1B+5900155]
	QtWebEngineCore::UserScript::isNull [0x00000001824D4313+5614707]
	QtWebEngineCore::UserScript::isNull [0x0000000182540B2D+6059149]
	QtWebEngineCore::BrowserContextAdapter::customUrlSchemeHandlers [0x000000018084A5F6+2762278]
	QtWebEngineCore::BrowserContextAdapter::customUrlSchemeHandlers [0x000000018084B6EC+2766620]
	QtWebEngineCore::UserScript::isNull [0x0000000182541978+6062808]
	QtWebEngineCore::UserScript::isNull [0x000000018254C015+6105461]
	BaseThreadInitThunk [0x00007FFAEFA31FE4+20]
	RtlUserThreadStart [0x00007FFAF198EFB1+33]

[0209/013008:FATAL:resource_scheduler.cc(891)] Check failed: client_map_.empty(). 
Backtrace:
	GetHandleVerifier [0x00000001825C0976+404006]
	QtWebEngineCore::UserScript::isNull [0x00000001824BEDDD+5527357]
	QtWebEngineCore::BrowserContextAdapter::customUrlSchemeHandlers [0x0000000180B108DE+5671182]
	QtWebEngineCore::BrowserContextAdapter::customUrlSchemeHandlers [0x000000018090AEBC+3550956]
	QtWebEngineCore::BrowserContextAdapter::customUrlSchemeHandlers [0x000000018090A98E+3549630]
	QtWebEngineCore::BrowserContextAdapter::customUrlSchemeHandlers [0x00000001809280FF+3670319]
	QtWebEngineCore::BrowserContextAdapter::customUrlSchemeHandlers [0x0000000180928065+3670165]
	QtWebEngineCore::BrowserContextAdapter::customUrlSchemeHandlers [0x0000000180915DA6+3595734]
	CertificateErrorController::CertificateErrorController [0x000000018348BC01+7983985]
	QtWebEngineCore::UserScript::isNull [0x00000001821FAD6A+2627274]
	QtWebEngineCore::CustomProtocolHandler::~CustomProtocolHandler [0x0000000181736317+1420903]
	QtWebEngineCore::BrowserContextAdapter::customUrlSchemeHandlers [0x00000001807B96CD+2168573]
	GetHandleVerifier [0x00000001825E7E42+564978]
	QtWebEngineCore::UserScript::isNull [0x00000001824D46FE+5615710]
	QtWebEngineCore::UserScript::isNull [0x00000001824D27D1+5607729]
	QtWebEngineCore::UserScript::isNull [0x00000001824D2E74+5609428]
	GetHandleVerifier [0x00000001825EBC2C+580828]
	GetHandleVerifier [0x00000001825EDB30+588768]
	GetHandleVerifier [0x00000001825EDA85+588597]
	QtWebEngineCore::UserScript::isNull [0x00000001824D4493+5615091]
	QtWebEngineCore::UserScript::isNull [0x0000000182519E1B+5900155]
	QtWebEngineCore::UserScript::isNull [0x00000001824D4313+5614707]
	QtWebEngineCore::UserScript::isNull [0x0000000182540B2D+6059149]
	QtWebEngineCore::BrowserContextAdapter::customUrlSchemeHandlers [0x000000018084A5F6+2762278]
	QtWebEngineCore::BrowserContextAdapter::customUrlSchemeHandlers [0x000000018084B6EC+2766620]
	QtWebEngineCore::UserScript::isNull [0x0000000182541978+6062808]
	QtWebEngineCore::UserScript::isNull [0x000000018254C015+6105461]
	BaseThreadInitThunk [0x00007FFAEFA31FE4+20]
	RtlUserThreadStart [0x00007FFAF198EFB1+33]

[0209/221630:FATAL:resource_scheduler.cc(891)] Check failed: client_map_.empty(). 
Backtrace:
	GetHandleVerifier [0x00000001825C0976+404006]
	QtWebEngineCore::UserScript::isNull [0x00000001824BEDDD+5527357]
	QtWebEngineCore::BrowserContextAdapter::customUrlSchemeHandlers [0x0000000180B108DE+5671182]
	QtWebEngineCore::BrowserContextAdapter::customUrlSchemeHandlers [0x000000018090AEBC+3550956]
	QtWebEngineCore::BrowserContextAdapter::customUrlSchemeHandlers [0x000000018090A98E+3549630]
	QtWebEngineCore::BrowserContextAdapter::customUrlSchemeHandlers [0x00000001809280FF+3670319]
	QtWebEngineCore::BrowserContextAdapter::customUrlSchemeHandlers [0x0000000180928065+3670165]
	QtWebEngineCore::BrowserContextAdapter::customUrlSchemeHandlers [0x0000000180915DA6+3595734]
	CertificateErrorController::CertificateErrorController [0x000000018348BC01+7983985]
	QtWebEngineCore::UserScript::isNull [0x00000001821FAD6A+2627274]
	QtWebEngineCore::CustomProtocolHandler::~CustomProtocolHandler [0x0000000181736317+1420903]
	QtWebEngineCore::BrowserContextAdapter::customUrlSchemeHandlers [0x00000001807B96CD+2168573]
	GetHandleVerifier [0x00000001825E7E42+564978]
	QtWebEngineCore::UserScript::isNull [0x00000001824D46FE+5615710]
	QtWebEngineCore::UserScript::isNull [0x00000001824D27D1+5607729]
	QtWebEngineCore::UserScript::isNull [0x00000001824D2E74+5609428]
	GetHandleVerifier [0x00000001825EBC2C+580828]
	GetHandleVerifier [0x00000001825EDB30+588768]
	GetHandleVerifier [0x00000001825EDA85+588597]
	QtWebEngineCore::UserScript::isNull [0x00000001824D4493+5615091]
	QtWebEngineCore::UserScript::isNull [0x0000000182519E1B+5900155]
	QtWebEngineCore::UserScript::isNull [0x00000001824D4313+5614707]
	QtWebEngineCore::UserScript::isNull [0x0000000182540B2D+6059149]
	QtWebEngineCore::BrowserContextAdapter::customUrlSchemeHandlers [0x000000018084A5F6+2762278]
	QtWebEngineCore::BrowserContextAdapter::customUrlSchemeHandlers [0x000000018084B6EC+2766620]
	QtWebEngineCore::UserScript::isNull [0x0000000182541978+6062808]
	QtWebEngineCore::UserScript::isNull [0x000000018254C015+6105461]
	BaseThreadInitThunk [0x00007FFAEFA31FE4+20]
	RtlUserThreadStart [0x00007FFAF198EFB1+33]

[0209/221728:FATAL:resource_scheduler.cc(891)] Check failed: client_map_.empty(). 
Backtrace:
	GetHandleVerifier [0x00000001825C0976+404006]
	QtWebEngineCore::UserScript::isNull [0x00000001824BEDDD+5527357]
	QtWebEngineCore::BrowserContextAdapter::customUrlSchemeHandlers [0x0000000180B108DE+5671182]
	QtWebEngineCore::BrowserContextAdapter::customUrlSchemeHandlers [0x000000018090AEBC+3550956]
	QtWebEngineCore::BrowserContextAdapter::customUrlSchemeHandlers [0x000000018090A98E+3549630]
	QtWebEngineCore::BrowserContextAdapter::customUrlSchemeHandlers [0x00000001809280FF+3670319]
	QtWebEngineCore::BrowserContextAdapter::customUrlSchemeHandlers [0x0000000180928065+3670165]
	QtWebEngineCore::BrowserContextAdapter::customUrlSchemeHandlers [0x0000000180915DA6+3595734]
	CertificateErrorController::CertificateErrorController [0x000000018348BC01+7983985]
	QtWebEngineCore::UserScript::isNull [0x00000001821FAD6A+2627274]
	QtWebEngineCore::CustomProtocolHandler::~CustomProtocolHandler [0x0000000181736317+1420903]
	QtWebEngineCore::BrowserContextAdapter::customUrlSchemeHandlers [0x00000001807B96CD+2168573]
	GetHandleVerifier [0x00000001825E7E42+564978]
	QtWebEngineCore::UserScript::isNull [0x00000001824D46FE+5615710]
	QtWebEngineCore::UserScript::isNull [0x00000001824D27D1+5607729]
	QtWebEngineCore::UserScript::isNull [0x00000001824D2E74+5609428]
	GetHandleVerifier [0x00000001825EBC2C+580828]
	GetHandleVerifier [0x00000001825EDB30+588768]
	GetHandleVerifier [0x00000001825EDA85+588597]
	QtWebEngineCore::UserScript::isNull [0x00000001824D4493+5615091]
	QtWebEngineCore::UserScript::isNull [0x0000000182519E1B+5900155]
	QtWebEngineCore::UserScript::isNull [0x00000001824D4313+5614707]
	QtWebEngineCore::UserScript::isNull [0x0000000182540B2D+6059149]
	QtWebEngineCore::BrowserContextAdapter::customUrlSchemeHandlers [0x000000018084A5F6+2762278]
	QtWebEngineCore::BrowserContextAdapter::customUrlSchemeHandlers [0x000000018084B6EC+2766620]
	QtWebEngineCore::UserScript::isNull [0x0000000182541978+6062808]
	QtWebEngineCore::UserScript::isNull [0x000000018254C015+6105461]
	BaseThreadInitThunk [0x00007FFAEFA31FE4+20]
	RtlUserThreadStart [0x00007FFAF198EFB1+33]

[0211/115124:FATAL:resource_scheduler.cc(891)] Check failed: client_map_.empty(). 
Backtrace:
	GetHandleVerifier [0x00000001825C0976+404006]
	QtWebEngineCore::UserScript::isNull [0x00000001824BEDDD+5527357]
	QtWebEngineCore::BrowserContextAdapter::customUrlSchemeHandlers [0x0000000180B108DE+5671182]
	QtWebEngineCore::BrowserContextAdapter::customUrlSchemeHandlers [0x000000018090AEBC+3550956]
	QtWebEngineCore::BrowserContextAdapter::customUrlSchemeHandlers [0x000000018090A98E+3549630]
	QtWebEngineCore::BrowserContextAdapter::customUrlSchemeHandlers [0x00000001809280FF+3670319]
	QtWebEngineCore::BrowserContextAdapter::customUrlSchemeHandlers [0x0000000180928065+3670165]
	QtWebEngineCore::BrowserContextAdapter::customUrlSchemeHandlers [0x0000000180915DA6+3595734]
	CertificateErrorController::CertificateErrorController [0x000000018348BC01+7983985]
	QtWebEngineCore::UserScript::isNull [0x00000001821FAD6A+2627274]
	QtWebEngineCore::CustomProtocolHandler::~CustomProtocolHandler [0x0000000181736317+1420903]
	QtWebEngineCore::BrowserContextAdapter::customUrlSchemeHandlers [0x00000001807B96CD+2168573]
	GetHandleVerifier [0x00000001825E7E42+564978]
	QtWebEngineCore::UserScript::isNull [0x00000001824D46FE+5615710]
	QtWebEngineCore::UserScript::isNull [0x00000001824D27D1+5607729]
	QtWebEngineCore::UserScript::isNull [0x00000001824D2E74+5609428]
	GetHandleVerifier [0x00000001825EBC2C+580828]
	GetHandleVerifier [0x00000001825EDB30+588768]
	GetHandleVerifier [0x00000001825EDA85+588597]
	QtWebEngineCore::UserScript::isNull [0x00000001824D4493+5615091]
	QtWebEngineCore::UserScript::isNull [0x0000000182519E1B+5900155]
	QtWebEngineCore::UserScript::isNull [0x00000001824D4313+5614707]
	QtWebEngineCore::UserScript::isNull [0x0000000182540B2D+6059149]
	QtWebEngineCore::BrowserContextAdapter::customUrlSchemeHandlers [0x000000018084A5F6+2762278]
	QtWebEngineCore::BrowserContextAdapter::customUrlSchemeHandlers [0x000000018084B6EC+2766620]
	QtWebEngineCore::UserScript::isNull [0x0000000182541978+6062808]
	QtWebEngineCore::UserScript::isNull [0x000000018254C015+6105461]
	BaseThreadInitThunk [0x00007FFAEFA31FE4+20]
	RtlUserThreadStart [0x00007FFAF198EFB1+33]

[0217/202632:FATAL:resource_scheduler.cc(891)] Check failed: client_map_.empty(). 
Backtrace:
	GetHandleVerifier [0x00000001825C0976+404006]
	QtWebEngineCore::UserScript::isNull [0x00000001824BEDDD+5527357]
	QtWebEngineCore::BrowserContextAdapter::customUrlSchemeHandlers [0x0000000180B108DE+5671182]
	QtWebEngineCore::BrowserContextAdapter::customUrlSchemeHandlers [0x000000018090AEBC+3550956]
	QtWebEngineCore::BrowserContextAdapter::customUrlSchemeHandlers [0x000000018090A98E+3549630]
	QtWebEngineCore::BrowserContextAdapter::customUrlSchemeHandlers [0x00000001809280FF+3670319]
	QtWebEngineCore::BrowserContextAdapter::customUrlSchemeHandlers [0x0000000180928065+3670165]
	QtWebEngineCore::BrowserContextAdapter::customUrlSchemeHandlers [0x0000000180915DA6+3595734]
	CertificateErrorController::CertificateErrorController [0x000000018348BC01+7983985]
	QtWebEngineCore::UserScript::isNull [0x00000001821FAD6A+2627274]
	QtWebEngineCore::CustomProtocolHandler::~CustomProtocolHandler [0x0000000181736317+1420903]
	QtWebEngineCore::BrowserContextAdapter::customUrlSchemeHandlers [0x00000001807B96CD+2168573]
	GetHandleVerifier [0x00000001825E7E42+564978]
	QtWebEngineCore::UserScript::isNull [0x00000001824D46FE+5615710]
	QtWebEngineCore::UserScript::isNull [0x00000001824D27D1+5607729]
	QtWebEngineCore::UserScript::isNull [0x00000001824D2E74+5609428]
	GetHandleVerifier [0x00000001825EBC2C+580828]
	GetHandleVerifier [0x00000001825EDB30+588768]
	GetHandleVerifier [0x00000001825EDA85+588597]
	QtWebEngineCore::UserScript::isNull [0x00000001824D4493+5615091]
	QtWebEngineCore::UserScript::isNull [0x0000000182519E1B+5900155]
	QtWebEngineCore::UserScript::isNull [0x00000001824D4313+5614707]
	QtWebEngineCore::UserScript::isNull [0x0000000182540B2D+6059149]
	QtWebEngineCore::BrowserContextAdapter::customUrlSchemeHandlers [0x000000018084A5F6+2762278]
	QtWebEngineCore::BrowserContextAdapter::customUrlSchemeHandlers [0x000000018084B6EC+2766620]
	QtWebEngineCore::UserScript::isNull [0x0000000182541978+6062808]
	QtWebEngineCore::UserScript::isNull [0x000000018254C015+6105461]
	BaseThreadInitThunk [0x00007FFF7E931FE4+20]
	RtlUserThreadStart [0x00007FFF7F34EFC1+33]

[0221/030021:FATAL:resource_scheduler.cc(891)] Check failed: client_map_.empty(). 
Backtrace:
	GetHandleVerifier [0x00000001825C0976+404006]
	QtWebEngineCore::UserScript::isNull [0x00000001824BEDDD+5527357]
	QtWebEngineCore::BrowserContextAdapter::customUrlSchemeHandlers [0x0000000180B108DE+5671182]
	QtWebEngineCore::BrowserContextAdapter::customUrlSchemeHandlers [0x000000018090AEBC+3550956]
	QtWebEngineCore::BrowserContextAdapter::customUrlSchemeHandlers [0x000000018090A98E+3549630]
	QtWebEngineCore::BrowserContextAdapter::customUrlSchemeHandlers [0x00000001809280FF+3670319]
	QtWebEngineCore::BrowserContextAdapter::customUrlSchemeHandlers [0x0000000180928065+3670165]
	QtWebEngineCore::BrowserContextAdapter::customUrlSchemeHandlers [0x0000000180915DA6+3595734]
	CertificateErrorController::CertificateErrorController [0x000000018348BC01+7983985]
	QtWebEngineCore::UserScript::isNull [0x00000001821FAD6A+2627274]
	QtWebEngineCore::CustomProtocolHandler::~CustomProtocolHandler [0x0000000181736317+1420903]
	QtWebEngineCore::BrowserContextAdapter::customUrlSchemeHandlers [0x00000001807B96CD+2168573]
	GetHandleVerifier [0x00000001825E7E42+564978]
	QtWebEngineCore::UserScript::isNull [0x00000001824D46FE+5615710]
	QtWebEngineCore::UserScript::isNull [0x00000001824D27D1+5607729]
	QtWebEngineCore::UserScript::isNull [0x00000001824D2E74+5609428]
	GetHandleVerifier [0x00000001825EBC2C+580828]
	GetHandleVerifier [0x00000001825EDB30+588768]
	GetHandleVerifier [0x00000001825EDA85+588597]
	QtWebEngineCore::UserScript::isNull [0x00000001824D4493+5615091]
	QtWebEngineCore::UserScript::isNull [0x0000000182519E1B+5900155]
	QtWebEngineCore::UserScript::isNull [0x00000001824D4313+5614707]
	QtWebEngineCore::UserScript::isNull [0x0000000182540B2D+6059149]
	QtWebEngineCore::BrowserContextAdapter::customUrlSchemeHandlers [0x000000018084A5F6+2762278]
	QtWebEngineCore::BrowserContextAdapter::customUrlSchemeHandlers [0x000000018084B6EC+2766620]
	QtWebEngineCore::UserScript::isNull [0x0000000182541978+6062808]
	QtWebEngineCore::UserScript::isNull [0x000000018254C015+6105461]
	BaseThreadInitThunk [0x00007FFF7E931FE4+20]
	RtlUserThreadStart [0x00007FFF7F34EFC1+33]

[0224/200022:FATAL:resource_scheduler.cc(891)] Check failed: client_map_.empty(). 
Backtrace:
	GetHandleVerifier [0x00000001825C0976+404006]
	QtWebEngineCore::UserScript::isNull [0x00000001824BEDDD+5527357]
	QtWebEngineCore::BrowserContextAdapter::customUrlSchemeHandlers [0x0000000180B108DE+5671182]
	QtWebEngineCore::BrowserContextAdapter::customUrlSchemeHandlers [0x000000018090AEBC+3550956]
	QtWebEngineCore::BrowserContextAdapter::customUrlSchemeHandlers [0x000000018090A98E+3549630]
	QtWebEngineCore::BrowserContextAdapter::customUrlSchemeHandlers [0x00000001809280FF+3670319]
	QtWebEngineCore::BrowserContextAdapter::customUrlSchemeHandlers [0x0000000180928065+3670165]
	QtWebEngineCore::BrowserContextAdapter::customUrlSchemeHandlers [0x0000000180915DA6+3595734]
	CertificateErrorController::CertificateErrorController [0x000000018348BC01+7983985]
	QtWebEngineCore::UserScript::isNull [0x00000001821FAD6A+2627274]
	QtWebEngineCore::CustomProtocolHandler::~CustomProtocolHandler [0x0000000181736317+1420903]
	QtWebEngineCore::BrowserContextAdapter::customUrlSchemeHandlers [0x00000001807B96CD+2168573]
	GetHandleVerifier [0x00000001825E7E42+564978]
	QtWebEngineCore::UserScript::isNull [0x00000001824D46FE+5615710]
	QtWebEngineCore::UserScript::isNull [0x00000001824D27D1+5607729]
	QtWebEngineCore::UserScript::isNull [0x00000001824D2E74+5609428]
	GetHandleVerifier [0x00000001825EBC2C+580828]
	GetHandleVerifier [0x00000001825EDB30+588768]
	GetHandleVerifier [0x00000001825EDA85+588597]
	QtWebEngineCore::UserScript::isNull [0x00000001824D4493+5615091]
	QtWebEngineCore::UserScript::isNull [0x0000000182519E1B+5900155]
	QtWebEngineCore::UserScript::isNull [0x00000001824D4313+5614707]
	QtWebEngineCore::UserScript::isNull [0x0000000182540B2D+6059149]
	QtWebEngineCore::BrowserContextAdapter::customUrlSchemeHandlers [0x000000018084A5F6+2762278]
	QtWebEngineCore::BrowserContextAdapter::customUrlSchemeHandlers [0x000000018084B6EC+2766620]
	QtWebEngineCore::UserScript::isNull [0x0000000182541978+6062808]
	QtWebEngineCore::UserScript::isNull [0x000000018254C015+6105461]
	BaseThreadInitThunk [0x00007FFF7E931FE4+20]
	RtlUserThreadStart [0x00007FFF7F34EFC1+33]

